<?xml version="1.0" encoding="UTF-8"?>
<!-- Generated by org.testng.reporters.JUnitXMLReporter -->
<testsuite ignored="0" hostname="WKMCA7382527" failures="1" tests="1" name="ValidateTitle" time="9.019" errors="0" timestamp="2021-02-21T13:18:37 IST">
  <testcase classname="pratice.ValidateTitle" name="validateAppTitle" time="0.033">
    <failure type="java.lang.AssertionError" message="expected:&amp;lt;FEATURED COURSES&amp;gt; but was:&amp;lt;FEATURED COURSES 12345&amp;gt;">
      <![CDATA[java.lang.AssertionError: expected:<FEATURED COURSES> but was:<FEATURED COURSES 12345>
at pratice.ValidateTitle.validateAppTitle(ValidateTitle.java:41)
at java.base/java.util.ArrayList.forEach(ArrayList.java:1511)
... Removed 29 stack frames]]>
    </failure>
  </testcase> <!-- validateAppTitle -->
</testsuite> <!-- ValidateTitle -->
